<?xml version="1.0" encoding="UTF-8"?>
<!-- Generated by org.testng.reporters.JUnitReportReporter -->
<testsuite hostname="k-nb036" failures="0" tests="1" name="com.iNetbanking.testCases.TC_LoginTest_001" time="0.642" errors="0" timestamp="2021-03-26T09:41:02 EDT" skipped="0">
  <testcase classname="com.iNetbanking.testCases.TC_LoginTest_001" name="loginTest" time="0.642"/>
  <system-out/>
</testsuite> <!-- com.iNetbanking.testCases.TC_LoginTest_001 -->
